This file contains any messages produced by compilers while
running configure, to aid debugging if configure makes a mistake.

It was created by Ninja configure 1.1.0, which was
generated by GNU Autoconf 2.69.  Invocation command line was

  $ ./configure --prefix=/afs/cern.ch/user/d/dimoulin/FCCAnalyses/Madgraph/MG5_aMC_v2_6_7/HEPTools/ninja/ --enable-higher_rank --with-avholo=-L/afs/cern.ch/user/d/dimoulin/FCCAnalyses/Madgraph/MG5_aMC_v2_6_7/HEPTools/oneloop -lavh_olo FCINCLUDE=-I/afs/cern.ch/user/d/dimoulin/FCCAnalyses/Madgraph/MG5_aMC_v2_6_7/HEPTools/oneloop CXX=/cvmfs/sft.cern.ch/lcg/releases/gcc/7.3.0-90605/x86_64-slc6-gcc62-opt/bin/g++ CXXFLAGS=-O2 -fcx-fortran-rules -fno-exceptions -fno-rtti CPPFLAGS=-DNINJA_NO_EXCEPTIONS -fPIC --enable-quadninja LIBS=-lstdc++

## --------- ##
## Platform. ##
## --------- ##

hostname = lxplus706.cern.ch
uname -m = x86_64
uname -r = 3.10.0-1160.76.1.el7.x86_64
uname -s = Linux
uname -v = #1 SMP Wed Aug 10 16:21:17 UTC 2022

/usr/bin/uname -p = x86_64
/bin/uname -X     = unknown

/bin/arch              = x86_64
/usr/bin/arch -k       = unknown
/usr/convex/getsysinfo = unknown
/usr/bin/hostinfo      = unknown
/bin/machine           = unknown
/usr/bin/oslevel       = unknown
/bin/universe          = unknown

PATH: /afs/cern.ch/user/d/dimoulin/FCCAnalyses/Madgraph/MG5_aMC_v2_6_7/HEPTools/bin
PATH: /afs/cern.ch/user/d/dimoulin/FCCAnalyses/Madgraph/lhapdf_build/bin
PATH: /cvmfs/sft.cern.ch/lcg/views/LCG_94/x86_64-slc6-gcc7-opt/bin
PATH: /cvmfs/sft.cern.ch/lcg/releases/gcc/7.3.0-cb1ee/x86_64-slc6/bin
PATH: /cvmfs/sft.cern.ch/lcg/releases/binutils/2.28-a983d/x86_64-slc6/bin
PATH: /afs/cern.ch/user/d/dimoulin/FCCAnalyses/Madgraph/lhapdf_build/bin
PATH: /cvmfs/sft.cern.ch/lcg/views/LCG_94/x86_64-slc6-gcc7-opt/bin
PATH: /cvmfs/sft.cern.ch/lcg/releases/gcc/7.3.0-cb1ee/x86_64-slc6/bin
PATH: /cvmfs/sft.cern.ch/lcg/releases/binutils/2.28-a983d/x86_64-slc6/bin
PATH: /cvmfs/sft.cern.ch/lcg/views/LCG_94/x86_64-slc6-gcc7-opt/bin
PATH: /cvmfs/sft.cern.ch/lcg/releases/gcc/7.3.0-cb1ee/x86_64-slc6/bin
PATH: /cvmfs/sft.cern.ch/lcg/releases/binutils/2.28-a983d/x86_64-slc6/bin
PATH: /afs/cern.ch/atlas/scripts
PATH: /usr/sue/bin
PATH: /usr/lib64/qt-3.3/bin
PATH: /usr/condabin
PATH: /usr/local/bin
PATH: /usr/bin
PATH: /usr/local/sbin
PATH: /usr/sbin
PATH: /opt/puppetlabs/bin
PATH: /afs/cern.ch/user/d/dimoulin/.local/bin
PATH: /afs/cern.ch/user/d/dimoulin/bin


## ----------- ##
## Core tests. ##
## ----------- ##

configure:2502: checking for a BSD-compatible install
configure:2570: result: /usr/bin/install -c
configure:2581: checking whether build environment is sane
configure:2636: result: yes
configure:2787: checking for a thread-safe mkdir -p
configure:2826: result: /usr/bin/mkdir -p
configure:2833: checking for gawk
configure:2849: found /usr/bin/gawk
configure:2860: result: gawk
configure:2871: checking whether make sets $(MAKE)
configure:2893: result: yes
configure:2922: checking whether make supports nested variables
configure:2939: result: yes
configure:3094: checking build system type
configure:3108: result: x86_64-unknown-linux-gnu
configure:3128: checking host system type
configure:3141: result: x86_64-unknown-linux-gnu
configure:3182: checking how to print strings
configure:3209: result: printf
configure:3242: checking for style of include used by make
configure:3270: result: GNU
configure:3341: checking for gcc
configure:3368: result: /cvmfs/sft.cern.ch/lcg/releases/gcc/7.3.0-cb1ee/x86_64-slc6/bin/gcc
configure:3597: checking for C compiler version
configure:3606: /cvmfs/sft.cern.ch/lcg/releases/gcc/7.3.0-cb1ee/x86_64-slc6/bin/gcc --version >&5
gcc (GCC) 7.3.0
Copyright (C) 2017 Free Software Foundation, Inc.
This is free software; see the source for copying conditions.  There is NO
warranty; not even for MERCHANTABILITY or FITNESS FOR A PARTICULAR PURPOSE.

configure:3617: $? = 0
configure:3606: /cvmfs/sft.cern.ch/lcg/releases/gcc/7.3.0-cb1ee/x86_64-slc6/bin/gcc -v >&5
Using built-in specs.
COLLECT_GCC=/cvmfs/sft.cern.ch/lcg/releases/gcc/7.3.0-cb1ee/x86_64-slc6/bin/gcc
COLLECT_LTO_WRAPPER=/cvmfs/sft.cern.ch/lcg/releases/gcc/7.3.0-cb1ee/x86_64-slc6/bin/../libexec/gcc/x86_64-pc-linux-gnu/7.3.0/lto-wrapper
Target: x86_64-pc-linux-gnu
Configured with: /build/gcc/build/contrib/gcc-7.3.0/src/gcc/7.3.0/configure --prefix=/build/gcc/lcgcmake-install/gcc/7.3.0/x86_64-slc6 -with-system-zlib --disable-multilib --enable-languages=all --with-gnu-ld --with-ld=/build/gcc/lcgcmake-install/binutils/2.28/x86_64-slc6/bin/ld --with-gnu-as --with-as=/build/gcc/lcgcmake-install/binutils/2.28/x86_64-slc6/bin/as
Thread model: posix
gcc version 7.3.0 (GCC) 
configure:3617: $? = 0
configure:3606: /cvmfs/sft.cern.ch/lcg/releases/gcc/7.3.0-cb1ee/x86_64-slc6/bin/gcc -V >&5
gcc: error: unrecognized command line option '-V'
gcc: fatal error: no input files
compilation terminated.
configure:3617: $? = 1
configure:3606: /cvmfs/sft.cern.ch/lcg/releases/gcc/7.3.0-cb1ee/x86_64-slc6/bin/gcc -qversion >&5
gcc: error: unrecognized command line option '-qversion'; did you mean '--version'?
gcc: fatal error: no input files
compilation terminated.
configure:3617: $? = 1
configure:3637: checking whether the C compiler works
configure:3659: /cvmfs/sft.cern.ch/lcg/releases/gcc/7.3.0-cb1ee/x86_64-slc6/bin/gcc  -DNINJA_NO_EXCEPTIONS -fPIC  conftest.c -lstdc++ >&5
configure:3663: $? = 0
configure:3711: result: yes
configure:3714: checking for C compiler default output file name
configure:3716: result: a.out
configure:3722: checking for suffix of executables
configure:3729: /cvmfs/sft.cern.ch/lcg/releases/gcc/7.3.0-cb1ee/x86_64-slc6/bin/gcc -o conftest  -DNINJA_NO_EXCEPTIONS -fPIC  conftest.c -lstdc++ >&5
configure:3733: $? = 0
configure:3755: result: 
configure:3777: checking whether we are cross compiling
configure:3785: /cvmfs/sft.cern.ch/lcg/releases/gcc/7.3.0-cb1ee/x86_64-slc6/bin/gcc -o conftest  -DNINJA_NO_EXCEPTIONS -fPIC  conftest.c -lstdc++ >&5
configure:3789: $? = 0
configure:3796: ./conftest
configure:3800: $? = 0
configure:3815: result: no
configure:3820: checking for suffix of object files
configure:3842: /cvmfs/sft.cern.ch/lcg/releases/gcc/7.3.0-cb1ee/x86_64-slc6/bin/gcc -c  -DNINJA_NO_EXCEPTIONS -fPIC conftest.c >&5
configure:3846: $? = 0
configure:3867: result: o
configure:3871: checking whether we are using the GNU C compiler
configure:3890: /cvmfs/sft.cern.ch/lcg/releases/gcc/7.3.0-cb1ee/x86_64-slc6/bin/gcc -c  -DNINJA_NO_EXCEPTIONS -fPIC conftest.c >&5
configure:3890: $? = 0
configure:3899: result: yes
configure:3908: checking whether /cvmfs/sft.cern.ch/lcg/releases/gcc/7.3.0-cb1ee/x86_64-slc6/bin/gcc accepts -g
configure:3928: /cvmfs/sft.cern.ch/lcg/releases/gcc/7.3.0-cb1ee/x86_64-slc6/bin/gcc -c -g -DNINJA_NO_EXCEPTIONS -fPIC conftest.c >&5
configure:3928: $? = 0
configure:3969: result: yes
configure:3986: checking for /cvmfs/sft.cern.ch/lcg/releases/gcc/7.3.0-cb1ee/x86_64-slc6/bin/gcc option to accept ISO C89
configure:4049: /cvmfs/sft.cern.ch/lcg/releases/gcc/7.3.0-cb1ee/x86_64-slc6/bin/gcc  -c -g -O2 -DNINJA_NO_EXCEPTIONS -fPIC conftest.c >&5
configure:4049: $? = 0
configure:4062: result: none needed
configure:4087: checking whether /cvmfs/sft.cern.ch/lcg/releases/gcc/7.3.0-cb1ee/x86_64-slc6/bin/gcc understands -c and -o together
configure:4109: /cvmfs/sft.cern.ch/lcg/releases/gcc/7.3.0-cb1ee/x86_64-slc6/bin/gcc -c conftest.c -o conftest2.o
configure:4112: $? = 0
configure:4109: /cvmfs/sft.cern.ch/lcg/releases/gcc/7.3.0-cb1ee/x86_64-slc6/bin/gcc -c conftest.c -o conftest2.o
configure:4112: $? = 0
configure:4124: result: yes
configure:4143: checking dependency style of /cvmfs/sft.cern.ch/lcg/releases/gcc/7.3.0-cb1ee/x86_64-slc6/bin/gcc
configure:4254: result: gcc3
configure:4269: checking for a sed that does not truncate output
configure:4333: result: /usr/bin/sed
configure:4351: checking for grep that handles long lines and -e
configure:4409: result: /usr/bin/grep
configure:4414: checking for egrep
configure:4476: result: /usr/bin/grep -E
configure:4481: checking for fgrep
configure:4543: result: /usr/bin/grep -F
configure:4578: checking for ld used by /cvmfs/sft.cern.ch/lcg/releases/gcc/7.3.0-cb1ee/x86_64-slc6/bin/gcc
configure:4645: result: /cvmfs/sft.cern.ch/lcg/releases/binutils/2.28-a983d/x86_64-slc6/bin/ld
configure:4652: checking if the linker (/cvmfs/sft.cern.ch/lcg/releases/binutils/2.28-a983d/x86_64-slc6/bin/ld) is GNU ld
configure:4667: result: yes
configure:4679: checking for BSD- or MS-compatible name lister (nm)
configure:4733: result: /cvmfs/sft.cern.ch/lcg/releases/binutils/2.28-a983d/x86_64-slc6/bin/nm -B
configure:4863: checking the name lister (/cvmfs/sft.cern.ch/lcg/releases/binutils/2.28-a983d/x86_64-slc6/bin/nm -B) interface
configure:4870: /cvmfs/sft.cern.ch/lcg/releases/gcc/7.3.0-cb1ee/x86_64-slc6/bin/gcc -c -g -O2 -DNINJA_NO_EXCEPTIONS -fPIC conftest.c >&5
configure:4873: /cvmfs/sft.cern.ch/lcg/releases/binutils/2.28-a983d/x86_64-slc6/bin/nm -B "conftest.o"
configure:4876: output
0000000000000000 B some_variable
configure:4883: result: BSD nm
configure:4886: checking whether ln -s works
configure:4890: result: yes
configure:4898: checking the maximum length of command line arguments
configure:5029: result: 1572864
configure:5077: checking how to convert x86_64-unknown-linux-gnu file names to x86_64-unknown-linux-gnu format
configure:5117: result: func_convert_file_noop
configure:5124: checking how to convert x86_64-unknown-linux-gnu file names to toolchain format
configure:5144: result: func_convert_file_noop
configure:5151: checking for /cvmfs/sft.cern.ch/lcg/releases/binutils/2.28-a983d/x86_64-slc6/bin/ld option to reload object files
configure:5158: result: -r
configure:5232: checking for objdump
configure:5248: found /cvmfs/sft.cern.ch/lcg/releases/binutils/2.28-a983d/x86_64-slc6/bin/objdump
configure:5259: result: objdump
configure:5291: checking how to recognize dependent libraries
configure:5491: result: pass_all
configure:5576: checking for dlltool
configure:5606: result: no
configure:5636: checking how to associate runtime and link libraries
configure:5663: result: printf %s\n
configure:5724: checking for ar
configure:5740: found /cvmfs/sft.cern.ch/lcg/releases/binutils/2.28-a983d/x86_64-slc6/bin/ar
configure:5751: result: ar
configure:5788: checking for archiver @FILE support
configure:5805: /cvmfs/sft.cern.ch/lcg/releases/gcc/7.3.0-cb1ee/x86_64-slc6/bin/gcc -c -g -O2 -DNINJA_NO_EXCEPTIONS -fPIC conftest.c >&5
configure:5805: $? = 0
configure:5808: ar cru libconftest.a @conftest.lst >&5
configure:5811: $? = 0
configure:5816: ar cru libconftest.a @conftest.lst >&5
ar: conftest.o: No such file or directory
configure:5819: $? = 1
configure:5831: result: @
configure:5889: checking for strip
configure:5905: found /cvmfs/sft.cern.ch/lcg/releases/binutils/2.28-a983d/x86_64-slc6/bin/strip
configure:5916: result: strip
configure:5988: checking for ranlib
configure:6004: found /cvmfs/sft.cern.ch/lcg/releases/binutils/2.28-a983d/x86_64-slc6/bin/ranlib
configure:6015: result: ranlib
configure:6117: checking command to parse /cvmfs/sft.cern.ch/lcg/releases/binutils/2.28-a983d/x86_64-slc6/bin/nm -B output from /cvmfs/sft.cern.ch/lcg/releases/gcc/7.3.0-cb1ee/x86_64-slc6/bin/gcc object
configure:6270: /cvmfs/sft.cern.ch/lcg/releases/gcc/7.3.0-cb1ee/x86_64-slc6/bin/gcc -c -g -O2 -DNINJA_NO_EXCEPTIONS -fPIC conftest.c >&5
configure:6273: $? = 0
configure:6277: /cvmfs/sft.cern.ch/lcg/releases/binutils/2.28-a983d/x86_64-slc6/bin/nm -B conftest.o \| sed -n -e 's/^.*[ ]\([ABCDGIRSTW][ABCDGIRSTW]*\)[ ][ ]*\([_A-Za-z][_A-Za-z0-9]*\)$/\1 \2 \2/p' | sed '/ __gnu_lto/d' \> conftest.nm
configure:6280: $? = 0
configure:6346: /cvmfs/sft.cern.ch/lcg/releases/gcc/7.3.0-cb1ee/x86_64-slc6/bin/gcc -o conftest -g -O2 -DNINJA_NO_EXCEPTIONS -fPIC  conftest.c conftstm.o >&5
configure:6349: $? = 0
configure:6387: result: ok
configure:6434: checking for sysroot
configure:6464: result: no
configure:6471: checking for a working dd
configure:6509: result: /usr/bin/dd
configure:6513: checking how to truncate binary pipes
configure:6528: result: /usr/bin/dd bs=4096 count=1
configure:6664: /cvmfs/sft.cern.ch/lcg/releases/gcc/7.3.0-cb1ee/x86_64-slc6/bin/gcc -c -g -O2 -DNINJA_NO_EXCEPTIONS -fPIC conftest.c >&5
configure:6667: $? = 0
configure:6857: checking for mt
configure:6887: result: no
configure:6907: checking if : is a manifest tool
configure:6913: : '-?'
configure:6921: result: no
configure:7598: checking how to run the C preprocessor
configure:7629: /cvmfs/sft.cern.ch/lcg/releases/gcc/7.3.0-cb1ee/x86_64-slc6/bin/gcc -E -DNINJA_NO_EXCEPTIONS -fPIC conftest.c
configure:7629: $? = 0
configure:7643: /cvmfs/sft.cern.ch/lcg/releases/gcc/7.3.0-cb1ee/x86_64-slc6/bin/gcc -E -DNINJA_NO_EXCEPTIONS -fPIC conftest.c
conftest.c:11:10: fatal error: ac_nonexistent.h: No such file or directory
 #include <ac_nonexistent.h>
          ^~~~~~~~~~~~~~~~~~
compilation terminated.
configure:7643: $? = 1
configure: failed program was:
| /* confdefs.h */
| #define PACKAGE_NAME "Ninja"
| #define PACKAGE_TARNAME "ninja"
| #define PACKAGE_VERSION "1.1.0"
| #define PACKAGE_STRING "Ninja 1.1.0"
| #define PACKAGE_BUGREPORT "tiziano.peraro@ed.ac.uk"
| #define PACKAGE_URL ""
| #define PACKAGE "ninja"
| #define VERSION "1.1.0"
| /* end confdefs.h.  */
| #include <ac_nonexistent.h>
configure:7668: result: /cvmfs/sft.cern.ch/lcg/releases/gcc/7.3.0-cb1ee/x86_64-slc6/bin/gcc -E
configure:7688: /cvmfs/sft.cern.ch/lcg/releases/gcc/7.3.0-cb1ee/x86_64-slc6/bin/gcc -E -DNINJA_NO_EXCEPTIONS -fPIC conftest.c
configure:7688: $? = 0
configure:7702: /cvmfs/sft.cern.ch/lcg/releases/gcc/7.3.0-cb1ee/x86_64-slc6/bin/gcc -E -DNINJA_NO_EXCEPTIONS -fPIC conftest.c
conftest.c:11:10: fatal error: ac_nonexistent.h: No such file or directory
 #include <ac_nonexistent.h>
          ^~~~~~~~~~~~~~~~~~
compilation terminated.
configure:7702: $? = 1
configure: failed program was:
| /* confdefs.h */
| #define PACKAGE_NAME "Ninja"
| #define PACKAGE_TARNAME "ninja"
| #define PACKAGE_VERSION "1.1.0"
| #define PACKAGE_STRING "Ninja 1.1.0"
| #define PACKAGE_BUGREPORT "tiziano.peraro@ed.ac.uk"
| #define PACKAGE_URL ""
| #define PACKAGE "ninja"
| #define VERSION "1.1.0"
| /* end confdefs.h.  */
| #include <ac_nonexistent.h>
configure:7731: checking for ANSI C header files
configure:7751: /cvmfs/sft.cern.ch/lcg/releases/gcc/7.3.0-cb1ee/x86_64-slc6/bin/gcc -c -g -O2 -DNINJA_NO_EXCEPTIONS -fPIC conftest.c >&5
configure:7751: $? = 0
configure:7824: /cvmfs/sft.cern.ch/lcg/releases/gcc/7.3.0-cb1ee/x86_64-slc6/bin/gcc -o conftest -g -O2 -DNINJA_NO_EXCEPTIONS -fPIC  conftest.c -lstdc++ >&5
configure:7824: $? = 0
configure:7824: ./conftest
configure:7824: $? = 0
configure:7835: result: yes
configure:7848: checking for sys/types.h
configure:7848: /cvmfs/sft.cern.ch/lcg/releases/gcc/7.3.0-cb1ee/x86_64-slc6/bin/gcc -c -g -O2 -DNINJA_NO_EXCEPTIONS -fPIC conftest.c >&5
configure:7848: $? = 0
configure:7848: result: yes
configure:7848: checking for sys/stat.h
configure:7848: /cvmfs/sft.cern.ch/lcg/releases/gcc/7.3.0-cb1ee/x86_64-slc6/bin/gcc -c -g -O2 -DNINJA_NO_EXCEPTIONS -fPIC conftest.c >&5
configure:7848: $? = 0
configure:7848: result: yes
configure:7848: checking for stdlib.h
configure:7848: /cvmfs/sft.cern.ch/lcg/releases/gcc/7.3.0-cb1ee/x86_64-slc6/bin/gcc -c -g -O2 -DNINJA_NO_EXCEPTIONS -fPIC conftest.c >&5
configure:7848: $? = 0
configure:7848: result: yes
configure:7848: checking for string.h
configure:7848: /cvmfs/sft.cern.ch/lcg/releases/gcc/7.3.0-cb1ee/x86_64-slc6/bin/gcc -c -g -O2 -DNINJA_NO_EXCEPTIONS -fPIC conftest.c >&5
configure:7848: $? = 0
configure:7848: result: yes
configure:7848: checking for memory.h
configure:7848: /cvmfs/sft.cern.ch/lcg/releases/gcc/7.3.0-cb1ee/x86_64-slc6/bin/gcc -c -g -O2 -DNINJA_NO_EXCEPTIONS -fPIC conftest.c >&5
configure:7848: $? = 0
configure:7848: result: yes
configure:7848: checking for strings.h
configure:7848: /cvmfs/sft.cern.ch/lcg/releases/gcc/7.3.0-cb1ee/x86_64-slc6/bin/gcc -c -g -O2 -DNINJA_NO_EXCEPTIONS -fPIC conftest.c >&5
configure:7848: $? = 0
configure:7848: result: yes
configure:7848: checking for inttypes.h
configure:7848: /cvmfs/sft.cern.ch/lcg/releases/gcc/7.3.0-cb1ee/x86_64-slc6/bin/gcc -c -g -O2 -DNINJA_NO_EXCEPTIONS -fPIC conftest.c >&5
configure:7848: $? = 0
configure:7848: result: yes
configure:7848: checking for stdint.h
configure:7848: /cvmfs/sft.cern.ch/lcg/releases/gcc/7.3.0-cb1ee/x86_64-slc6/bin/gcc -c -g -O2 -DNINJA_NO_EXCEPTIONS -fPIC conftest.c >&5
configure:7848: $? = 0
configure:7848: result: yes
configure:7848: checking for unistd.h
configure:7848: /cvmfs/sft.cern.ch/lcg/releases/gcc/7.3.0-cb1ee/x86_64-slc6/bin/gcc -c -g -O2 -DNINJA_NO_EXCEPTIONS -fPIC conftest.c >&5
configure:7848: $? = 0
configure:7848: result: yes
configure:7862: checking for dlfcn.h
configure:7862: /cvmfs/sft.cern.ch/lcg/releases/gcc/7.3.0-cb1ee/x86_64-slc6/bin/gcc -c -g -O2 -DNINJA_NO_EXCEPTIONS -fPIC conftest.c >&5
configure:7862: $? = 0
configure:7862: result: yes
configure:8118: checking for objdir
configure:8133: result: .libs
configure:8397: checking if /cvmfs/sft.cern.ch/lcg/releases/gcc/7.3.0-cb1ee/x86_64-slc6/bin/gcc supports -fno-rtti -fno-exceptions
configure:8415: /cvmfs/sft.cern.ch/lcg/releases/gcc/7.3.0-cb1ee/x86_64-slc6/bin/gcc -c -g -O2 -DNINJA_NO_EXCEPTIONS -fPIC -fno-rtti -fno-exceptions conftest.c >&5
cc1: warning: command line option '-fno-rtti' is valid for C++/ObjC++ but not for C
configure:8419: $? = 0
configure:8432: result: no
configure:8790: checking for /cvmfs/sft.cern.ch/lcg/releases/gcc/7.3.0-cb1ee/x86_64-slc6/bin/gcc option to produce PIC
configure:8797: result: -fPIC -DPIC
configure:8805: checking if /cvmfs/sft.cern.ch/lcg/releases/gcc/7.3.0-cb1ee/x86_64-slc6/bin/gcc PIC flag -fPIC -DPIC works
configure:8823: /cvmfs/sft.cern.ch/lcg/releases/gcc/7.3.0-cb1ee/x86_64-slc6/bin/gcc -c -g -O2 -DNINJA_NO_EXCEPTIONS -fPIC -fPIC -DPIC -DPIC conftest.c >&5
configure:8827: $? = 0
configure:8840: result: yes
configure:8869: checking if /cvmfs/sft.cern.ch/lcg/releases/gcc/7.3.0-cb1ee/x86_64-slc6/bin/gcc static flag -static works
configure:8897: result: yes
configure:8912: checking if /cvmfs/sft.cern.ch/lcg/releases/gcc/7.3.0-cb1ee/x86_64-slc6/bin/gcc supports -c -o file.o
configure:8933: /cvmfs/sft.cern.ch/lcg/releases/gcc/7.3.0-cb1ee/x86_64-slc6/bin/gcc -c -g -O2 -DNINJA_NO_EXCEPTIONS -fPIC -o out/conftest2.o conftest.c >&5
configure:8937: $? = 0
configure:8959: result: yes
configure:8967: checking if /cvmfs/sft.cern.ch/lcg/releases/gcc/7.3.0-cb1ee/x86_64-slc6/bin/gcc supports -c -o file.o
configure:9014: result: yes
configure:9047: checking whether the /cvmfs/sft.cern.ch/lcg/releases/gcc/7.3.0-cb1ee/x86_64-slc6/bin/gcc linker (/cvmfs/sft.cern.ch/lcg/releases/binutils/2.28-a983d/x86_64-slc6/bin/ld -m elf_x86_64) supports shared libraries
configure:10306: result: yes
configure:10343: checking whether -lc should be explicitly linked in
configure:10351: /cvmfs/sft.cern.ch/lcg/releases/gcc/7.3.0-cb1ee/x86_64-slc6/bin/gcc -c -g -O2 -DNINJA_NO_EXCEPTIONS -fPIC conftest.c >&5
configure:10354: $? = 0
configure:10369: /cvmfs/sft.cern.ch/lcg/releases/gcc/7.3.0-cb1ee/x86_64-slc6/bin/gcc -shared  -fPIC -DPIC conftest.o  -v -Wl,-soname -Wl,conftest -o conftest 2\>\&1 \| /usr/bin/grep  -lc  \>/dev/null 2\>\&1
configure:10372: $? = 0
configure:10386: result: no
configure:10546: checking dynamic linker characteristics
configure:11127: /cvmfs/sft.cern.ch/lcg/releases/gcc/7.3.0-cb1ee/x86_64-slc6/bin/gcc -o conftest -g -O2 -DNINJA_NO_EXCEPTIONS -fPIC  -Wl,-rpath -Wl,/foo conftest.c -lstdc++ >&5
configure:11127: $? = 0
configure:11364: result: GNU/Linux ld.so
configure:11486: checking how to hardcode library paths into programs
configure:11511: result: immediate
configure:12059: checking whether stripping libraries is possible
configure:12064: result: yes
configure:12099: checking if libtool supports shared libraries
configure:12101: result: yes
configure:12104: checking whether to build shared libraries
configure:12129: result: yes
configure:12132: checking whether to build static libraries
configure:12136: result: yes
configure:12175: checking for a sed that does not truncate output
configure:12239: result: /usr/bin/sed
configure:12356: checking for C++ compiler version
configure:12365: /cvmfs/sft.cern.ch/lcg/releases/gcc/7.3.0-90605/x86_64-slc6-gcc62-opt/bin/g++ --version >&5
g++ (GCC) 7.3.0
Copyright (C) 2017 Free Software Foundation, Inc.
This is free software; see the source for copying conditions.  There is NO
warranty; not even for MERCHANTABILITY or FITNESS FOR A PARTICULAR PURPOSE.

configure:12376: $? = 0
configure:12365: /cvmfs/sft.cern.ch/lcg/releases/gcc/7.3.0-90605/x86_64-slc6-gcc62-opt/bin/g++ -v >&5
Using built-in specs.
COLLECT_GCC=/cvmfs/sft.cern.ch/lcg/releases/gcc/7.3.0-90605/x86_64-slc6-gcc62-opt/bin/g++
COLLECT_LTO_WRAPPER=/cvmfs/sft.cern.ch/lcg/releases/gcc/7.3.0-90605/x86_64-slc6-gcc62-opt/bin/../libexec/gcc/x86_64-pc-linux-gnu/7.3.0/lto-wrapper
Target: x86_64-pc-linux-gnu
Configured with: /mnt/build/jenkins/workspace/lcg_contrib_release/LABEL/slc6/build/contrib/gcc-7.3.0/src/gcc/7.3.0/configure --prefix=/build/jenkins/workspace/lcg_contrib_release/LABEL/slc6/install/gcc/7.3.0/x86_64-slc6-gcc62-opt -with-system-zlib --disable-multilib --enable-languages=all --with-gnu-ld --with-ld=/build/jenkins/workspace/lcg_contrib_release/LABEL/slc6/install/binutils/2.28/x86_64-slc6-gcc62-opt/bin/ld --with-gnu-as --with-as=/build/jenkins/workspace/lcg_contrib_release/LABEL/slc6/install/binutils/2.28/x86_64-slc6-gcc62-opt/bin/as
Thread model: posix
gcc version 7.3.0 (GCC) 
configure:12376: $? = 0
configure:12365: /cvmfs/sft.cern.ch/lcg/releases/gcc/7.3.0-90605/x86_64-slc6-gcc62-opt/bin/g++ -V >&5
g++: error: unrecognized command line option '-V'
g++: fatal error: no input files
compilation terminated.
configure:12376: $? = 1
configure:12365: /cvmfs/sft.cern.ch/lcg/releases/gcc/7.3.0-90605/x86_64-slc6-gcc62-opt/bin/g++ -qversion >&5
g++: error: unrecognized command line option '-qversion'; did you mean '--version'?
g++: fatal error: no input files
compilation terminated.
configure:12376: $? = 1
configure:12380: checking whether we are using the GNU C++ compiler
configure:12399: /cvmfs/sft.cern.ch/lcg/releases/gcc/7.3.0-90605/x86_64-slc6-gcc62-opt/bin/g++ -c -O2 -fcx-fortran-rules -fno-exceptions -fno-rtti -DNINJA_NO_EXCEPTIONS -fPIC conftest.cpp >&5
configure:12399: $? = 0
configure:12408: result: yes
configure:12417: checking whether /cvmfs/sft.cern.ch/lcg/releases/gcc/7.3.0-90605/x86_64-slc6-gcc62-opt/bin/g++ accepts -g
configure:12437: /cvmfs/sft.cern.ch/lcg/releases/gcc/7.3.0-90605/x86_64-slc6-gcc62-opt/bin/g++ -c -g -DNINJA_NO_EXCEPTIONS -fPIC conftest.cpp >&5
configure:12437: $? = 0
configure:12478: result: yes
configure:12503: checking dependency style of /cvmfs/sft.cern.ch/lcg/releases/gcc/7.3.0-90605/x86_64-slc6-gcc62-opt/bin/g++
configure:12614: result: gcc3
configure:12647: checking how to run the C++ preprocessor
configure:12674: /cvmfs/sft.cern.ch/lcg/releases/gcc/7.3.0-90605/x86_64-slc6-gcc62-opt/bin/g++ -E -DNINJA_NO_EXCEPTIONS -fPIC conftest.cpp
configure:12674: $? = 0
configure:12688: /cvmfs/sft.cern.ch/lcg/releases/gcc/7.3.0-90605/x86_64-slc6-gcc62-opt/bin/g++ -E -DNINJA_NO_EXCEPTIONS -fPIC conftest.cpp
conftest.cpp:23:10: fatal error: ac_nonexistent.h: No such file or directory
 #include <ac_nonexistent.h>
          ^~~~~~~~~~~~~~~~~~
compilation terminated.
configure:12688: $? = 1
configure: failed program was:
| /* confdefs.h */
| #define PACKAGE_NAME "Ninja"
| #define PACKAGE_TARNAME "ninja"
| #define PACKAGE_VERSION "1.1.0"
| #define PACKAGE_STRING "Ninja 1.1.0"
| #define PACKAGE_BUGREPORT "tiziano.peraro@ed.ac.uk"
| #define PACKAGE_URL ""
| #define PACKAGE "ninja"
| #define VERSION "1.1.0"
| #define STDC_HEADERS 1
| #define HAVE_SYS_TYPES_H 1
| #define HAVE_SYS_STAT_H 1
| #define HAVE_STDLIB_H 1
| #define HAVE_STRING_H 1
| #define HAVE_MEMORY_H 1
| #define HAVE_STRINGS_H 1
| #define HAVE_INTTYPES_H 1
| #define HAVE_STDINT_H 1
| #define HAVE_UNISTD_H 1
| #define HAVE_DLFCN_H 1
| #define LT_OBJDIR ".libs/"
| /* end confdefs.h.  */
| #include <ac_nonexistent.h>
configure:12713: result: /cvmfs/sft.cern.ch/lcg/releases/gcc/7.3.0-90605/x86_64-slc6-gcc62-opt/bin/g++ -E
configure:12733: /cvmfs/sft.cern.ch/lcg/releases/gcc/7.3.0-90605/x86_64-slc6-gcc62-opt/bin/g++ -E -DNINJA_NO_EXCEPTIONS -fPIC conftest.cpp
configure:12733: $? = 0
configure:12747: /cvmfs/sft.cern.ch/lcg/releases/gcc/7.3.0-90605/x86_64-slc6-gcc62-opt/bin/g++ -E -DNINJA_NO_EXCEPTIONS -fPIC conftest.cpp
conftest.cpp:23:10: fatal error: ac_nonexistent.h: No such file or directory
 #include <ac_nonexistent.h>
          ^~~~~~~~~~~~~~~~~~
compilation terminated.
configure:12747: $? = 1
configure: failed program was:
| /* confdefs.h */
| #define PACKAGE_NAME "Ninja"
| #define PACKAGE_TARNAME "ninja"
| #define PACKAGE_VERSION "1.1.0"
| #define PACKAGE_STRING "Ninja 1.1.0"
| #define PACKAGE_BUGREPORT "tiziano.peraro@ed.ac.uk"
| #define PACKAGE_URL ""
| #define PACKAGE "ninja"
| #define VERSION "1.1.0"
| #define STDC_HEADERS 1
| #define HAVE_SYS_TYPES_H 1
| #define HAVE_SYS_STAT_H 1
| #define HAVE_STDLIB_H 1
| #define HAVE_STRING_H 1
| #define HAVE_MEMORY_H 1
| #define HAVE_STRINGS_H 1
| #define HAVE_INTTYPES_H 1
| #define HAVE_STDINT_H 1
| #define HAVE_UNISTD_H 1
| #define HAVE_DLFCN_H 1
| #define LT_OBJDIR ".libs/"
| /* end confdefs.h.  */
| #include <ac_nonexistent.h>
configure:12909: checking for ld used by /cvmfs/sft.cern.ch/lcg/releases/gcc/7.3.0-90605/x86_64-slc6-gcc62-opt/bin/g++
configure:12976: result: /cvmfs/sft.cern.ch/lcg/releases/binutils/2.28-a983d/x86_64-slc6/bin/ld -m elf_x86_64
configure:12983: checking if the linker (/cvmfs/sft.cern.ch/lcg/releases/binutils/2.28-a983d/x86_64-slc6/bin/ld -m elf_x86_64) is GNU ld
configure:12998: result: yes
configure:13053: checking whether the /cvmfs/sft.cern.ch/lcg/releases/gcc/7.3.0-90605/x86_64-slc6-gcc62-opt/bin/g++ linker (/cvmfs/sft.cern.ch/lcg/releases/binutils/2.28-a983d/x86_64-slc6/bin/ld -m elf_x86_64) supports shared libraries
configure:14126: result: yes
configure:14162: /cvmfs/sft.cern.ch/lcg/releases/gcc/7.3.0-90605/x86_64-slc6-gcc62-opt/bin/g++ -c -O2 -fcx-fortran-rules -fno-exceptions -fno-rtti -DNINJA_NO_EXCEPTIONS -fPIC conftest.cpp >&5
configure:14165: $? = 0
configure:14646: checking for /cvmfs/sft.cern.ch/lcg/releases/gcc/7.3.0-90605/x86_64-slc6-gcc62-opt/bin/g++ option to produce PIC
configure:14653: result: -fPIC -DPIC
configure:14661: checking if /cvmfs/sft.cern.ch/lcg/releases/gcc/7.3.0-90605/x86_64-slc6-gcc62-opt/bin/g++ PIC flag -fPIC -DPIC works
configure:14679: /cvmfs/sft.cern.ch/lcg/releases/gcc/7.3.0-90605/x86_64-slc6-gcc62-opt/bin/g++ -c -O2 -fcx-fortran-rules -fno-exceptions -fno-rtti -DNINJA_NO_EXCEPTIONS -fPIC -fPIC -DPIC -DPIC conftest.cpp >&5
configure:14683: $? = 0
configure:14696: result: yes
configure:14719: checking if /cvmfs/sft.cern.ch/lcg/releases/gcc/7.3.0-90605/x86_64-slc6-gcc62-opt/bin/g++ static flag -static works
configure:14747: result: yes
configure:14759: checking if /cvmfs/sft.cern.ch/lcg/releases/gcc/7.3.0-90605/x86_64-slc6-gcc62-opt/bin/g++ supports -c -o file.o
configure:14780: /cvmfs/sft.cern.ch/lcg/releases/gcc/7.3.0-90605/x86_64-slc6-gcc62-opt/bin/g++ -c -O2 -fcx-fortran-rules -fno-exceptions -fno-rtti -DNINJA_NO_EXCEPTIONS -fPIC -o out/conftest2.o conftest.cpp >&5
configure:14784: $? = 0
configure:14806: result: yes
configure:14811: checking if /cvmfs/sft.cern.ch/lcg/releases/gcc/7.3.0-90605/x86_64-slc6-gcc62-opt/bin/g++ supports -c -o file.o
configure:14858: result: yes
configure:14888: checking whether the /cvmfs/sft.cern.ch/lcg/releases/gcc/7.3.0-90605/x86_64-slc6-gcc62-opt/bin/g++ linker (/cvmfs/sft.cern.ch/lcg/releases/binutils/2.28-a983d/x86_64-slc6/bin/ld -m elf_x86_64) supports shared libraries
configure:14928: result: yes
configure:15069: checking dynamic linker characteristics
configure:15814: result: GNU/Linux ld.so
configure:15879: checking how to hardcode library paths into programs
configure:15904: result: immediate
configure:16050: checking for Fortran compiler version
configure:16059: gfortran --version >&5
GNU Fortran (GCC) 7.3.0
Copyright (C) 2017 Free Software Foundation, Inc.
This is free software; see the source for copying conditions.  There is NO
warranty; not even for MERCHANTABILITY or FITNESS FOR A PARTICULAR PURPOSE.

configure:16070: $? = 0
configure:16059: gfortran -v >&5
Using built-in specs.
COLLECT_GCC=gfortran
COLLECT_LTO_WRAPPER=/cvmfs/sft.cern.ch/lcg/releases/gcc/7.3.0-cb1ee/x86_64-slc6/bin/../libexec/gcc/x86_64-pc-linux-gnu/7.3.0/lto-wrapper
Target: x86_64-pc-linux-gnu
Configured with: /build/gcc/build/contrib/gcc-7.3.0/src/gcc/7.3.0/configure --prefix=/build/gcc/lcgcmake-install/gcc/7.3.0/x86_64-slc6 -with-system-zlib --disable-multilib --enable-languages=all --with-gnu-ld --with-ld=/build/gcc/lcgcmake-install/binutils/2.28/x86_64-slc6/bin/ld --with-gnu-as --with-as=/build/gcc/lcgcmake-install/binutils/2.28/x86_64-slc6/bin/as
Thread model: posix
gcc version 7.3.0 (GCC) 
configure:16070: $? = 0
configure:16059: gfortran -V >&5
gfortran: error: unrecognized command line option '-V'
gfortran: fatal error: no input files
compilation terminated.
configure:16070: $? = 1
configure:16059: gfortran -qversion >&5
gfortran: error: unrecognized command line option '-qversion'; did you mean '--version'?
gfortran: fatal error: no input files
compilation terminated.
configure:16070: $? = 1
configure:16079: checking whether we are using the GNU Fortran compiler
configure:16092: gfortran -c   conftest.F >&5
configure:16092: $? = 0
configure:16101: result: yes
configure:16107: checking whether gfortran accepts -g
configure:16118: gfortran -c -g  conftest.f >&5
configure:16118: $? = 0
configure:16126: result: yes
configure:16258: checking if libtool supports shared libraries
configure:16260: result: yes
configure:16263: checking whether to build shared libraries
configure:16287: result: yes
configure:16290: checking whether to build static libraries
configure:16294: result: yes
configure:16328: gfortran -c -g -O2  conftest.f >&5
configure:16331: $? = 0
configure:16791: checking for gfortran option to produce PIC
configure:16798: result: -fPIC
configure:16806: checking if gfortran PIC flag -fPIC works
configure:16824: gfortran -c -g -O2 -fPIC  conftest.f >&5
configure:16828: $? = 0
configure:16841: result: yes
configure:16864: checking if gfortran static flag -static works
configure:16892: result: yes
configure:16904: checking if gfortran supports -c -o file.o
configure:16925: gfortran -c -g -O2 -o out/conftest2.o  conftest.f >&5
configure:16929: $? = 0
configure:16951: result: yes
configure:16956: checking if gfortran supports -c -o file.o
configure:17003: result: yes
configure:17033: checking whether the gfortran linker (/cvmfs/sft.cern.ch/lcg/releases/binutils/2.28-a983d/x86_64-slc6/bin/ld -m elf_x86_64) supports shared libraries
configure:18242: result: yes
configure:18383: checking dynamic linker characteristics
configure:19122: result: GNU/Linux ld.so
configure:19187: checking how to hardcode library paths into programs
configure:19212: result: immediate
configure:19367: checking if compiler needs -Werror to reject unknown flags
configure:19383: /cvmfs/sft.cern.ch/lcg/releases/gcc/7.3.0-cb1ee/x86_64-slc6/bin/gcc -c -g -O2 -Werror -Wunknown-warning-option -Wsizeof-array-argument -DNINJA_NO_EXCEPTIONS -fPIC conftest.c >&5
gcc: error: unrecognized command line option '-Wunknown-warning-option'
configure:19383: $? = 1
configure: failed program was:
| /* confdefs.h */
| #define PACKAGE_NAME "Ninja"
| #define PACKAGE_TARNAME "ninja"
| #define PACKAGE_VERSION "1.1.0"
| #define PACKAGE_STRING "Ninja 1.1.0"
| #define PACKAGE_BUGREPORT "tiziano.peraro@ed.ac.uk"
| #define PACKAGE_URL ""
| #define PACKAGE "ninja"
| #define VERSION "1.1.0"
| #define STDC_HEADERS 1
| #define HAVE_SYS_TYPES_H 1
| #define HAVE_SYS_STAT_H 1
| #define HAVE_STDLIB_H 1
| #define HAVE_STRING_H 1
| #define HAVE_MEMORY_H 1
| #define HAVE_STRINGS_H 1
| #define HAVE_INTTYPES_H 1
| #define HAVE_STDINT_H 1
| #define HAVE_UNISTD_H 1
| #define HAVE_DLFCN_H 1
| #define LT_OBJDIR ".libs/"
| /* end confdefs.h.  */
| int foo(void);
| int
| main ()
| {
| foo()
|   ;
|   return 0;
| }
configure:19388: result: no
configure:19454: checking for the pthreads library -lpthreads
configure:19492: /cvmfs/sft.cern.ch/lcg/releases/gcc/7.3.0-cb1ee/x86_64-slc6/bin/gcc -o conftest -g -O2   -DNINJA_NO_EXCEPTIONS -fPIC  conftest.c -lpthreads -lstdc++ >&5
/cvmfs/sft.cern.ch/lcg/releases/binutils/2.28-a983d/x86_64-slc6/bin/ld: cannot find -lpthreads
collect2: error: ld returned 1 exit status
configure:19492: $? = 1
configure: failed program was:
| /* confdefs.h */
| #define PACKAGE_NAME "Ninja"
| #define PACKAGE_TARNAME "ninja"
| #define PACKAGE_VERSION "1.1.0"
| #define PACKAGE_STRING "Ninja 1.1.0"
| #define PACKAGE_BUGREPORT "tiziano.peraro@ed.ac.uk"
| #define PACKAGE_URL ""
| #define PACKAGE "ninja"
| #define VERSION "1.1.0"
| #define STDC_HEADERS 1
| #define HAVE_SYS_TYPES_H 1
| #define HAVE_SYS_STAT_H 1
| #define HAVE_STDLIB_H 1
| #define HAVE_STRING_H 1
| #define HAVE_MEMORY_H 1
| #define HAVE_STRINGS_H 1
| #define HAVE_INTTYPES_H 1
| #define HAVE_STDINT_H 1
| #define HAVE_UNISTD_H 1
| #define HAVE_DLFCN_H 1
| #define LT_OBJDIR ".libs/"
| /* end confdefs.h.  */
| #include <pthread.h>
|                         static void routine(void *a) { a = 0; }
|                         static void *start_routine(void *a) { return a; }
| int
| main ()
| {
| pthread_t th; pthread_attr_t attr;
|                         pthread_create(&th, 0, start_routine, 0);
|                         pthread_join(th, 0);
|                         pthread_attr_init(&attr);
|                         pthread_cleanup_push(routine, 0);
|                         pthread_cleanup_pop(0) /* ; */
|   ;
|   return 0;
| }
configure:19501: result: no
configure:19399: checking whether pthreads work without any flags
configure:19492: /cvmfs/sft.cern.ch/lcg/releases/gcc/7.3.0-cb1ee/x86_64-slc6/bin/gcc -o conftest -g -O2   -DNINJA_NO_EXCEPTIONS -fPIC  conftest.c  -lstdc++ >&5
/tmp/dimoulin/ccsNtICz.o: In function `main':
/afs/cern.ch/user/d/dimoulin/FCCAnalyses/Madgraph/MG5_aMC_v2_6_7/HEPTools/ninja/Ninja/conftest.c:30: undefined reference to `pthread_create'
/afs/cern.ch/user/d/dimoulin/FCCAnalyses/Madgraph/MG5_aMC_v2_6_7/HEPTools/ninja/Ninja/conftest.c:31: undefined reference to `pthread_join'
/afs/cern.ch/user/d/dimoulin/FCCAnalyses/Madgraph/MG5_aMC_v2_6_7/HEPTools/ninja/Ninja/conftest.c:33: undefined reference to `__pthread_register_cancel'
/afs/cern.ch/user/d/dimoulin/FCCAnalyses/Madgraph/MG5_aMC_v2_6_7/HEPTools/ninja/Ninja/conftest.c:34: undefined reference to `__pthread_unregister_cancel'
collect2: error: ld returned 1 exit status
configure:19492: $? = 1
configure: failed program was:
| /* confdefs.h */
| #define PACKAGE_NAME "Ninja"
| #define PACKAGE_TARNAME "ninja"
| #define PACKAGE_VERSION "1.1.0"
| #define PACKAGE_STRING "Ninja 1.1.0"
| #define PACKAGE_BUGREPORT "tiziano.peraro@ed.ac.uk"
| #define PACKAGE_URL ""
| #define PACKAGE "ninja"
| #define VERSION "1.1.0"
| #define STDC_HEADERS 1
| #define HAVE_SYS_TYPES_H 1
| #define HAVE_SYS_STAT_H 1
| #define HAVE_STDLIB_H 1
| #define HAVE_STRING_H 1
| #define HAVE_MEMORY_H 1
| #define HAVE_STRINGS_H 1
| #define HAVE_INTTYPES_H 1
| #define HAVE_STDINT_H 1
| #define HAVE_UNISTD_H 1
| #define HAVE_DLFCN_H 1
| #define LT_OBJDIR ".libs/"
| /* end confdefs.h.  */
| #include <pthread.h>
|                         static void routine(void *a) { a = 0; }
|                         static void *start_routine(void *a) { return a; }
| int
| main ()
| {
| pthread_t th; pthread_attr_t attr;
|                         pthread_create(&th, 0, start_routine, 0);
|                         pthread_join(th, 0);
|                         pthread_attr_init(&attr);
|                         pthread_cleanup_push(routine, 0);
|                         pthread_cleanup_pop(0) /* ; */
|   ;
|   return 0;
| }
configure:19501: result: no
configure:19404: checking whether pthreads work with -Kthread
configure:19492: /cvmfs/sft.cern.ch/lcg/releases/gcc/7.3.0-cb1ee/x86_64-slc6/bin/gcc -o conftest -g -O2 -Kthread  -DNINJA_NO_EXCEPTIONS -fPIC  conftest.c  -lstdc++ >&5
gcc: error: unrecognized command line option '-Kthread'; did you mean '-pthread'?
configure:19492: $? = 1
configure: failed program was:
| /* confdefs.h */
| #define PACKAGE_NAME "Ninja"
| #define PACKAGE_TARNAME "ninja"
| #define PACKAGE_VERSION "1.1.0"
| #define PACKAGE_STRING "Ninja 1.1.0"
| #define PACKAGE_BUGREPORT "tiziano.peraro@ed.ac.uk"
| #define PACKAGE_URL ""
| #define PACKAGE "ninja"
| #define VERSION "1.1.0"
| #define STDC_HEADERS 1
| #define HAVE_SYS_TYPES_H 1
| #define HAVE_SYS_STAT_H 1
| #define HAVE_STDLIB_H 1
| #define HAVE_STRING_H 1
| #define HAVE_MEMORY_H 1
| #define HAVE_STRINGS_H 1
| #define HAVE_INTTYPES_H 1
| #define HAVE_STDINT_H 1
| #define HAVE_UNISTD_H 1
| #define HAVE_DLFCN_H 1
| #define LT_OBJDIR ".libs/"
| /* end confdefs.h.  */
| #include <pthread.h>
|                         static void routine(void *a) { a = 0; }
|                         static void *start_routine(void *a) { return a; }
| int
| main ()
| {
| pthread_t th; pthread_attr_t attr;
|                         pthread_create(&th, 0, start_routine, 0);
|                         pthread_join(th, 0);
|                         pthread_attr_init(&attr);
|                         pthread_cleanup_push(routine, 0);
|                         pthread_cleanup_pop(0) /* ; */
|   ;
|   return 0;
| }
configure:19501: result: no
configure:19404: checking whether pthreads work with -kthread
configure:19492: /cvmfs/sft.cern.ch/lcg/releases/gcc/7.3.0-cb1ee/x86_64-slc6/bin/gcc -o conftest -g -O2 -kthread  -DNINJA_NO_EXCEPTIONS -fPIC  conftest.c  -lstdc++ >&5
gcc: error: unrecognized command line option '-kthread'; did you mean '-pthread'?
configure:19492: $? = 1
configure: failed program was:
| /* confdefs.h */
| #define PACKAGE_NAME "Ninja"
| #define PACKAGE_TARNAME "ninja"
| #define PACKAGE_VERSION "1.1.0"
| #define PACKAGE_STRING "Ninja 1.1.0"
| #define PACKAGE_BUGREPORT "tiziano.peraro@ed.ac.uk"
| #define PACKAGE_URL ""
| #define PACKAGE "ninja"
| #define VERSION "1.1.0"
| #define STDC_HEADERS 1
| #define HAVE_SYS_TYPES_H 1
| #define HAVE_SYS_STAT_H 1
| #define HAVE_STDLIB_H 1
| #define HAVE_STRING_H 1
| #define HAVE_MEMORY_H 1
| #define HAVE_STRINGS_H 1
| #define HAVE_INTTYPES_H 1
| #define HAVE_STDINT_H 1
| #define HAVE_UNISTD_H 1
| #define HAVE_DLFCN_H 1
| #define LT_OBJDIR ".libs/"
| /* end confdefs.h.  */
| #include <pthread.h>
|                         static void routine(void *a) { a = 0; }
|                         static void *start_routine(void *a) { return a; }
| int
| main ()
| {
| pthread_t th; pthread_attr_t attr;
|                         pthread_create(&th, 0, start_routine, 0);
|                         pthread_join(th, 0);
|                         pthread_attr_init(&attr);
|                         pthread_cleanup_push(routine, 0);
|                         pthread_cleanup_pop(0) /* ; */
|   ;
|   return 0;
| }
configure:19501: result: no
configure:19454: checking for the pthreads library -llthread
configure:19492: /cvmfs/sft.cern.ch/lcg/releases/gcc/7.3.0-cb1ee/x86_64-slc6/bin/gcc -o conftest -g -O2   -DNINJA_NO_EXCEPTIONS -fPIC  conftest.c -llthread -lstdc++ >&5
/cvmfs/sft.cern.ch/lcg/releases/binutils/2.28-a983d/x86_64-slc6/bin/ld: cannot find -llthread
collect2: error: ld returned 1 exit status
configure:19492: $? = 1
configure: failed program was:
| /* confdefs.h */
| #define PACKAGE_NAME "Ninja"
| #define PACKAGE_TARNAME "ninja"
| #define PACKAGE_VERSION "1.1.0"
| #define PACKAGE_STRING "Ninja 1.1.0"
| #define PACKAGE_BUGREPORT "tiziano.peraro@ed.ac.uk"
| #define PACKAGE_URL ""
| #define PACKAGE "ninja"
| #define VERSION "1.1.0"
| #define STDC_HEADERS 1
| #define HAVE_SYS_TYPES_H 1
| #define HAVE_SYS_STAT_H 1
| #define HAVE_STDLIB_H 1
| #define HAVE_STRING_H 1
| #define HAVE_MEMORY_H 1
| #define HAVE_STRINGS_H 1
| #define HAVE_INTTYPES_H 1
| #define HAVE_STDINT_H 1
| #define HAVE_UNISTD_H 1
| #define HAVE_DLFCN_H 1
| #define LT_OBJDIR ".libs/"
| /* end confdefs.h.  */
| #include <pthread.h>
|                         static void routine(void *a) { a = 0; }
|                         static void *start_routine(void *a) { return a; }
| int
| main ()
| {
| pthread_t th; pthread_attr_t attr;
|                         pthread_create(&th, 0, start_routine, 0);
|                         pthread_join(th, 0);
|                         pthread_attr_init(&attr);
|                         pthread_cleanup_push(routine, 0);
|                         pthread_cleanup_pop(0) /* ; */
|   ;
|   return 0;
| }
configure:19501: result: no
configure:19404: checking whether pthreads work with -pthread
configure:19492: /cvmfs/sft.cern.ch/lcg/releases/gcc/7.3.0-cb1ee/x86_64-slc6/bin/gcc -o conftest -g -O2 -pthread  -DNINJA_NO_EXCEPTIONS -fPIC  conftest.c  -lstdc++ >&5
configure:19492: $? = 0
configure:19501: result: yes
configure:19520: checking for joinable pthread attribute
configure:19535: /cvmfs/sft.cern.ch/lcg/releases/gcc/7.3.0-cb1ee/x86_64-slc6/bin/gcc -o conftest -g -O2 -pthread -DNINJA_NO_EXCEPTIONS -fPIC  conftest.c  -lstdc++ >&5
configure:19535: $? = 0
configure:19541: result: PTHREAD_CREATE_JOINABLE
configure:19551: checking if more special flags are required for pthreads
configure:19566: result: no
configure:19572: checking for PTHREAD_PRIO_INHERIT
configure:19589: /cvmfs/sft.cern.ch/lcg/releases/gcc/7.3.0-cb1ee/x86_64-slc6/bin/gcc -o conftest -g -O2 -pthread -DNINJA_NO_EXCEPTIONS -fPIC  conftest.c  -lstdc++ >&5
configure:19589: $? = 0
configure:19598: result: yes
configure:19700: checking whether /cvmfs/sft.cern.ch/lcg/releases/gcc/7.3.0-90605/x86_64-slc6-gcc62-opt/bin/g++ supports C++11 features by default
configure:19728: /cvmfs/sft.cern.ch/lcg/releases/gcc/7.3.0-90605/x86_64-slc6-gcc62-opt/bin/g++ -c -O2 -fcx-fortran-rules -fno-exceptions -fno-rtti -DNINJA_NO_EXCEPTIONS -fPIC conftest.cpp >&5
configure:19728: $? = 0
configure:19735: result: yes
configure:19852: checking whether /cvmfs/sft.cern.ch/lcg/releases/gcc/7.3.0-90605/x86_64-slc6-gcc62-opt/bin/g++ supports C++11 initializer lists
configure:19892: /cvmfs/sft.cern.ch/lcg/releases/gcc/7.3.0-90605/x86_64-slc6-gcc62-opt/bin/g++ -c -O2 -fcx-fortran-rules -fno-exceptions -fno-rtti -DNINJA_NO_EXCEPTIONS -fPIC conftest.cpp >&5
configure:19892: $? = 0
configure:19899: result: yes
configure:19911: checking whether /cvmfs/sft.cern.ch/lcg/releases/gcc/7.3.0-90605/x86_64-slc6-gcc62-opt/bin/g++ supports C++11 random numbers
configure:19931: /cvmfs/sft.cern.ch/lcg/releases/gcc/7.3.0-90605/x86_64-slc6-gcc62-opt/bin/g++ -c -O2 -fcx-fortran-rules -fno-exceptions -fno-rtti -DNINJA_NO_EXCEPTIONS -fPIC conftest.cpp >&5
configure:19931: $? = 0
configure:19938: result: yes
configure:19957: checking whether /cvmfs/sft.cern.ch/lcg/releases/gcc/7.3.0-90605/x86_64-slc6-gcc62-opt/bin/g++ accepts "-fcx-fortran-rules" flag
configure:19978: /cvmfs/sft.cern.ch/lcg/releases/gcc/7.3.0-90605/x86_64-slc6-gcc62-opt/bin/g++ -c -Werror -fcx-fortran-rules -DNINJA_NO_EXCEPTIONS -fPIC conftest.cpp >&5
configure:19978: $? = 0
configure:19979: result: yes
configure:19996: checking whether /cvmfs/sft.cern.ch/lcg/releases/gcc/7.3.0-90605/x86_64-slc6-gcc62-opt/bin/g++ accepts "-complex-limited-range" flag
configure:20017: /cvmfs/sft.cern.ch/lcg/releases/gcc/7.3.0-90605/x86_64-slc6-gcc62-opt/bin/g++ -c -Werror -complex-limited-range -DNINJA_NO_EXCEPTIONS -fPIC conftest.cpp >&5
g++: error: unrecognized command line option '-complex-limited-range'; did you mean '-fcx-limited-range'?
configure:20017: $? = 1
configure: failed program was:
| /* confdefs.h */
| #define PACKAGE_NAME "Ninja"
| #define PACKAGE_TARNAME "ninja"
| #define PACKAGE_VERSION "1.1.0"
| #define PACKAGE_STRING "Ninja 1.1.0"
| #define PACKAGE_BUGREPORT "tiziano.peraro@ed.ac.uk"
| #define PACKAGE_URL ""
| #define PACKAGE "ninja"
| #define VERSION "1.1.0"
| #define STDC_HEADERS 1
| #define HAVE_SYS_TYPES_H 1
| #define HAVE_SYS_STAT_H 1
| #define HAVE_STDLIB_H 1
| #define HAVE_STRING_H 1
| #define HAVE_MEMORY_H 1
| #define HAVE_STRINGS_H 1
| #define HAVE_INTTYPES_H 1
| #define HAVE_STDINT_H 1
| #define HAVE_UNISTD_H 1
| #define HAVE_DLFCN_H 1
| #define LT_OBJDIR ".libs/"
| #define HAVE_PTHREAD_PRIO_INHERIT 1
| #define HAVE_PTHREAD 1
| #define HAVE_DECLTYPE 1
| #define HAVE_INIT_LIST 1
| #define HAVE_CXX11_RANDOM 1
| /* end confdefs.h.  */
| 
| int
| main ()
| {
| 
|   ;
|   return 0;
| }
configure:20022: result: no
configure:20186: checking whether /cvmfs/sft.cern.ch/lcg/releases/gcc/7.3.0-90605/x86_64-slc6-gcc62-opt/bin/g++ supports quadruple precision with libquadmath
configure:20207: /cvmfs/sft.cern.ch/lcg/releases/gcc/7.3.0-90605/x86_64-slc6-gcc62-opt/bin/g++ -c -O2 -fcx-fortran-rules -fno-exceptions -fno-rtti -fcx-fortran-rules -DNINJA_NO_EXCEPTIONS -fPIC conftest.cpp >&5
configure:20207: $? = 0
configure:20214: result: yes
configure:20234: checking whether /cvmfs/sft.cern.ch/lcg/releases/gcc/7.3.0-90605/x86_64-slc6-gcc62-opt/bin/g++ supports C++11 random numbers in quadruple precision
configure:20257: /cvmfs/sft.cern.ch/lcg/releases/gcc/7.3.0-90605/x86_64-slc6-gcc62-opt/bin/g++ -c -O2 -fcx-fortran-rules -fno-exceptions -fno-rtti -fcx-fortran-rules -DNINJA_NO_EXCEPTIONS -fPIC conftest.cpp >&5
In file included from /cvmfs/sft.cern.ch/lcg/releases/gcc/7.3.0-90605/x86_64-slc6-gcc62-opt/include/c++/7.3.0/random:51:0,
                 from conftest.cpp:38:
/cvmfs/sft.cern.ch/lcg/releases/gcc/7.3.0-90605/x86_64-slc6-gcc62-opt/include/c++/7.3.0/bits/random.tcc: In instantiation of '_RealType std::generate_canonical(_UniformRandomNumberGenerator&) [with _RealType = __float128; long unsigned int __bits = 0; _UniformRandomNumberGenerator = std::mersenne_twister_engine<long unsigned int, 32, 624, 397, 31, 2567483615, 11, 4294967295, 7, 2636928640, 15, 4022730752, 18, 1812433253>]':
/cvmfs/sft.cern.ch/lcg/releases/gcc/7.3.0-90605/x86_64-slc6-gcc62-opt/include/c++/7.3.0/bits/random.h:185:38:   required from '_DInputType std::__detail::_Adaptor<_Engine, _DInputType>::operator()() [with _Engine = std::mersenne_twister_engine<long unsigned int, 32, 624, 397, 31, 2567483615, 11, 4294967295, 7, 2636928640, 15, 4022730752, 18, 1812433253>; _DInputType = __float128]'
/cvmfs/sft.cern.ch/lcg/releases/gcc/7.3.0-90605/x86_64-slc6-gcc62-opt/include/c++/7.3.0/bits/random.h:1823:19:   required from 'std::uniform_real_distribution<_RealType>::result_type std::uniform_real_distribution<_RealType>::operator()(_UniformRandomNumberGenerator&, const std::uniform_real_distribution<_RealType>::param_type&) [with _UniformRandomNumberGenerator = std::mersenne_twister_engine<long unsigned int, 32, 624, 397, 31, 2567483615, 11, 4294967295, 7, 2636928640, 15, 4022730752, 18, 1812433253>; _RealType = __float128; std::uniform_real_distribution<_RealType>::result_type = __float128]'
/cvmfs/sft.cern.ch/lcg/releases/gcc/7.3.0-90605/x86_64-slc6-gcc62-opt/include/c++/7.3.0/bits/random.h:1814:51:   required from 'std::uniform_real_distribution<_RealType>::result_type std::uniform_real_distribution<_RealType>::operator()(_UniformRandomNumberGenerator&) [with _UniformRandomNumberGenerator = std::mersenne_twister_engine<long unsigned int, 32, 624, 397, 31, 2567483615, 11, 4294967295, 7, 2636928640, 15, 4022730752, 18, 1812433253>; _RealType = __float128; std::uniform_real_distribution<_RealType>::result_type = __float128]'
conftest.cpp:44:23:   required from here
/cvmfs/sft.cern.ch/lcg/releases/gcc/7.3.0-90605/x86_64-slc6-gcc62-opt/include/c++/7.3.0/bits/random.tcc:3337:26: error: call of overloaded 'nextafter(__float128, __float128)' is ambiguous
    __ret = std::nextafter(_RealType(1), _RealType(0));
            ~~~~~~~~~~~~~~^~~~~~~~~~~~~~~~~~~~~~~~~~~~
In file included from /cvmfs/sft.cern.ch/lcg/releases/gcc/7.3.0-90605/x86_64-slc6-gcc62-opt/include/c++/7.3.0/random:38:0,
                 from conftest.cpp:38:
/cvmfs/sft.cern.ch/lcg/releases/gcc/7.3.0-90605/x86_64-slc6-gcc62-opt/include/c++/7.3.0/cmath:1679:3: note: candidate: constexpr long double std::nextafter(long double, long double)
   nextafter(long double __x, long double __y)
   ^~~~~~~~~
/cvmfs/sft.cern.ch/lcg/releases/gcc/7.3.0-90605/x86_64-slc6-gcc62-opt/include/c++/7.3.0/cmath:1675:3: note: candidate: constexpr float std::nextafter(float, float)
   nextafter(float __x, float __y)
   ^~~~~~~~~
In file included from /usr/include/features.h:375:0,
                 from /cvmfs/sft.cern.ch/lcg/releases/gcc/7.3.0-90605/x86_64-slc6-gcc62-opt/include/c++/7.3.0/x86_64-pc-linux-gnu/bits/os_defines.h:39,
                 from /cvmfs/sft.cern.ch/lcg/releases/gcc/7.3.0-90605/x86_64-slc6-gcc62-opt/include/c++/7.3.0/x86_64-pc-linux-gnu/bits/c++config.h:533,
                 from /cvmfs/sft.cern.ch/lcg/releases/gcc/7.3.0-90605/x86_64-slc6-gcc62-opt/include/c++/7.3.0/cstdlib:41,
                 from /cvmfs/sft.cern.ch/lcg/releases/gcc/7.3.0-90605/x86_64-slc6-gcc62-opt/include/c++/7.3.0/stdlib.h:36,
                 from /cvmfs/sft.cern.ch/lcg/releases/gcc/7.3.0-90605/x86_64-slc6-gcc62-opt/lib/gcc/x86_64-pc-linux-gnu/7.3.0/include/quadmath.h:24,
                 from conftest.cpp:36:
/usr/include/bits/mathcalls.h:283:1: note: candidate: double nextafter(double, double)
 __MATHCALLX (nextafter,, (_Mdouble_ __x, _Mdouble_ __y), (__const__));
 ^
configure:20257: $? = 1
configure: failed program was:
| /* confdefs.h */
| #define PACKAGE_NAME "Ninja"
| #define PACKAGE_TARNAME "ninja"
| #define PACKAGE_VERSION "1.1.0"
| #define PACKAGE_STRING "Ninja 1.1.0"
| #define PACKAGE_BUGREPORT "tiziano.peraro@ed.ac.uk"
| #define PACKAGE_URL ""
| #define PACKAGE "ninja"
| #define VERSION "1.1.0"
| #define STDC_HEADERS 1
| #define HAVE_SYS_TYPES_H 1
| #define HAVE_SYS_STAT_H 1
| #define HAVE_STDLIB_H 1
| #define HAVE_STRING_H 1
| #define HAVE_MEMORY_H 1
| #define HAVE_STRINGS_H 1
| #define HAVE_INTTYPES_H 1
| #define HAVE_STDINT_H 1
| #define HAVE_UNISTD_H 1
| #define HAVE_DLFCN_H 1
| #define LT_OBJDIR ".libs/"
| #define HAVE_PTHREAD_PRIO_INHERIT 1
| #define HAVE_PTHREAD 1
| #define HAVE_DECLTYPE 1
| #define HAVE_INIT_LIST 1
| #define HAVE_CXX11_RANDOM 1
| #define NINJA_CONFIG_H_INTERNAL 1
| #define NINJA_USE_ONELOOP 1
| #define NINJA_USE_ONELOOP_WITH_CACHE 1
| #define NINJA_MASSLESS 1
| #define NINJA_X1RANK 1
| /* end confdefs.h.  */
| 
| 
|     extern "C" {
|     #include <quadmath.h>
|     }
|     #include <random>
| 	__float128 testfunc(int n)
|     {
| 	  std::mt19937 gen_;
| 	  std::uniform_real_distribution<__float128> rnd_(0,1);
|       gen_.seed(n);
|       return rnd_(gen_);
|     }
| 
| 
configure:20264: result: no
configure:20536: checking that generated files are newer than configure
configure:20542: result: done
configure:20601: creating ./config.status

## ---------------------- ##
## Running config.status. ##
## ---------------------- ##

This file was extended by Ninja config.status 1.1.0, which was
generated by GNU Autoconf 2.69.  Invocation command line was

  CONFIG_FILES    = 
  CONFIG_HEADERS  = 
  CONFIG_LINKS    = 
  CONFIG_COMMANDS = 
  $ ./config.status 

on lxplus706.cern.ch

config.status:1247: creating Makefile
config.status:1247: creating src/Makefile
config.status:1247: creating src/ninja/Makefile
config.status:1247: creating src/quadninja/Makefile
config.status:1247: creating examples/Makefile
config.status:1247: creating config.h
config.status:1247: creating src/ninja/ninja_config.h
config.status:1476: executing depfiles commands
config.status:1476: executing libtool commands

## ---------------- ##
## Cache variables. ##
## ---------------- ##

ac_cv_build=x86_64-unknown-linux-gnu
ac_cv_c_compiler_gnu=yes
ac_cv_cxx_compiler_gnu=yes
ac_cv_env_CCC_set=
ac_cv_env_CCC_value=
ac_cv_env_CC_set=set
ac_cv_env_CC_value=/cvmfs/sft.cern.ch/lcg/releases/gcc/7.3.0-cb1ee/x86_64-slc6/bin/gcc
ac_cv_env_CFLAGS_set=
ac_cv_env_CFLAGS_value=
ac_cv_env_CPPFLAGS_set=set
ac_cv_env_CPPFLAGS_value='-DNINJA_NO_EXCEPTIONS -fPIC'
ac_cv_env_CPP_set=
ac_cv_env_CPP_value=
ac_cv_env_CXXCPP_set=
ac_cv_env_CXXCPP_value=
ac_cv_env_CXXFLAGS_set=set
ac_cv_env_CXXFLAGS_value='-O2 -fcx-fortran-rules -fno-exceptions -fno-rtti'
ac_cv_env_CXX_set=set
ac_cv_env_CXX_value=/cvmfs/sft.cern.ch/lcg/releases/gcc/7.3.0-90605/x86_64-slc6-gcc62-opt/bin/g++
ac_cv_env_FCFLAGS_set=
ac_cv_env_FCFLAGS_value=
ac_cv_env_FCINCLUDE_set=set
ac_cv_env_FCINCLUDE_value=-I/afs/cern.ch/user/d/dimoulin/FCCAnalyses/Madgraph/MG5_aMC_v2_6_7/HEPTools/oneloop
ac_cv_env_FC_set=set
ac_cv_env_FC_value=gfortran
ac_cv_env_LDFLAGS_set=
ac_cv_env_LDFLAGS_value=
ac_cv_env_LIBS_set=set
ac_cv_env_LIBS_value=-lstdc++
ac_cv_env_LT_SYS_LIBRARY_PATH_set=
ac_cv_env_LT_SYS_LIBRARY_PATH_value=
ac_cv_env_build_alias_set=
ac_cv_env_build_alias_value=
ac_cv_env_host_alias_set=
ac_cv_env_host_alias_value=
ac_cv_env_target_alias_set=
ac_cv_env_target_alias_value=
ac_cv_fc_compiler_gnu=yes
ac_cv_header_dlfcn_h=yes
ac_cv_header_inttypes_h=yes
ac_cv_header_memory_h=yes
ac_cv_header_stdc=yes
ac_cv_header_stdint_h=yes
ac_cv_header_stdlib_h=yes
ac_cv_header_string_h=yes
ac_cv_header_strings_h=yes
ac_cv_header_sys_stat_h=yes
ac_cv_header_sys_types_h=yes
ac_cv_header_unistd_h=yes
ac_cv_host=x86_64-unknown-linux-gnu
ac_cv_objext=o
ac_cv_path_EGREP='/usr/bin/grep -E'
ac_cv_path_FGREP='/usr/bin/grep -F'
ac_cv_path_GREP=/usr/bin/grep
ac_cv_path_SED=/usr/bin/sed
ac_cv_path_install='/usr/bin/install -c'
ac_cv_path_lt_DD=/usr/bin/dd
ac_cv_path_mkdir=/usr/bin/mkdir
ac_cv_prog_AWK=gawk
ac_cv_prog_CPP='/cvmfs/sft.cern.ch/lcg/releases/gcc/7.3.0-cb1ee/x86_64-slc6/bin/gcc -E'
ac_cv_prog_CXXCPP='/cvmfs/sft.cern.ch/lcg/releases/gcc/7.3.0-90605/x86_64-slc6-gcc62-opt/bin/g++ -E'
ac_cv_prog_ac_ct_AR=ar
ac_cv_prog_ac_ct_CC=/cvmfs/sft.cern.ch/lcg/releases/gcc/7.3.0-cb1ee/x86_64-slc6/bin/gcc
ac_cv_prog_ac_ct_OBJDUMP=objdump
ac_cv_prog_ac_ct_RANLIB=ranlib
ac_cv_prog_ac_ct_STRIP=strip
ac_cv_prog_cc_c89=
ac_cv_prog_cc_g=yes
ac_cv_prog_cxx_g=yes
ac_cv_prog_fc_g=yes
ac_cv_prog_make_make_set=yes
am_cv_CC_dependencies_compiler_type=gcc3
am_cv_CXX_dependencies_compiler_type=gcc3
am_cv_make_support_nested_variables=yes
am_cv_prog_cc_c_o=yes
ax_cv_PTHREAD_PRIO_INHERIT=yes
ax_cv_cxx_compile_cxx11=yes
ax_cv_cxx_compile_cxx11_float128_random=no
ax_cv_cxx_compile_cxx11initlist=yes
ax_cv_cxx_compile_cxx11random=yes
ax_cv_cxx_compile_libquadmath=yes
lt_cv_ar_at_file=@
lt_cv_archive_cmds_need_lc=no
lt_cv_deplibs_check_method=pass_all
lt_cv_file_magic_cmd='$MAGIC_CMD'
lt_cv_file_magic_test_file=
lt_cv_ld_reload_flag=-r
lt_cv_nm_interface='BSD nm'
lt_cv_objdir=.libs
lt_cv_path_LD=/cvmfs/sft.cern.ch/lcg/releases/binutils/2.28-a983d/x86_64-slc6/bin/ld
lt_cv_path_LDCXX='/cvmfs/sft.cern.ch/lcg/releases/binutils/2.28-a983d/x86_64-slc6/bin/ld -m elf_x86_64'
lt_cv_path_NM='/cvmfs/sft.cern.ch/lcg/releases/binutils/2.28-a983d/x86_64-slc6/bin/nm -B'
lt_cv_path_mainfest_tool=no
lt_cv_prog_compiler_c_o=yes
lt_cv_prog_compiler_c_o_CXX=yes
lt_cv_prog_compiler_c_o_FC=yes
lt_cv_prog_compiler_pic='-fPIC -DPIC'
lt_cv_prog_compiler_pic_CXX='-fPIC -DPIC'
lt_cv_prog_compiler_pic_FC=-fPIC
lt_cv_prog_compiler_pic_works=yes
lt_cv_prog_compiler_pic_works_CXX=yes
lt_cv_prog_compiler_pic_works_FC=yes
lt_cv_prog_compiler_rtti_exceptions=no
lt_cv_prog_compiler_static_works=yes
lt_cv_prog_compiler_static_works_CXX=yes
lt_cv_prog_compiler_static_works_FC=yes
lt_cv_prog_gnu_ld=yes
lt_cv_prog_gnu_ldcxx=yes
lt_cv_sharedlib_from_linklib_cmd='printf %s\n'
lt_cv_shlibpath_overrides_runpath=no
lt_cv_sys_global_symbol_pipe='sed -n -e '\''s/^.*[	 ]\([ABCDGIRSTW][ABCDGIRSTW]*\)[	 ][	 ]*\([_A-Za-z][_A-Za-z0-9]*\)$/\1 \2 \2/p'\'' | sed '\''/ __gnu_lto/d'\'''
lt_cv_sys_global_symbol_to_c_name_address='sed -n -e '\''s/^: \(.*\) .*$/  {"\1", (void *) 0},/p'\'' -e '\''s/^[ABCDGIRSTW][ABCDGIRSTW]* .* \(.*\)$/  {"\1", (void *) \&\1},/p'\'''
lt_cv_sys_global_symbol_to_c_name_address_lib_prefix='sed -n -e '\''s/^: \(.*\) .*$/  {"\1", (void *) 0},/p'\'' -e '\''s/^[ABCDGIRSTW][ABCDGIRSTW]* .* \(lib.*\)$/  {"\1", (void *) \&\1},/p'\'' -e '\''s/^[ABCDGIRSTW][ABCDGIRSTW]* .* \(.*\)$/  {"lib\1", (void *) \&\1},/p'\'''
lt_cv_sys_global_symbol_to_cdecl='sed -n -e '\''s/^T .* \(.*\)$/extern int \1();/p'\'' -e '\''s/^[ABCDGIRSTW][ABCDGIRSTW]* .* \(.*\)$/extern char \1;/p'\'''
lt_cv_sys_global_symbol_to_import=
lt_cv_sys_max_cmd_len=1572864
lt_cv_to_host_file_cmd=func_convert_file_noop
lt_cv_to_tool_file_cmd=func_convert_file_noop
lt_cv_truncate_bin='/usr/bin/dd bs=4096 count=1'

## ----------------- ##
## Output variables. ##
## ----------------- ##

ACLOCAL='${SHELL} /afs/cern.ch/user/d/dimoulin/FCCAnalyses/Madgraph/MG5_aMC_v2_6_7/HEPTools/ninja/Ninja/missing aclocal-1.15'
AMDEPBACKSLASH='\'
AMDEP_FALSE='#'
AMDEP_TRUE=''
AMTAR='$${TAR-tar}'
AM_BACKSLASH='\'
AM_DEFAULT_V='$(AM_DEFAULT_VERBOSITY)'
AM_DEFAULT_VERBOSITY='1'
AM_V='$(V)'
AR='ar'
AUTOCONF='${SHELL} /afs/cern.ch/user/d/dimoulin/FCCAnalyses/Madgraph/MG5_aMC_v2_6_7/HEPTools/ninja/Ninja/missing autoconf'
AUTOHEADER='${SHELL} /afs/cern.ch/user/d/dimoulin/FCCAnalyses/Madgraph/MG5_aMC_v2_6_7/HEPTools/ninja/Ninja/missing autoheader'
AUTOMAKE='${SHELL} /afs/cern.ch/user/d/dimoulin/FCCAnalyses/Madgraph/MG5_aMC_v2_6_7/HEPTools/ninja/Ninja/missing automake-1.15'
AVHFLAGS='-L/afs/cern.ch/user/d/dimoulin/FCCAnalyses/Madgraph/MG5_aMC_v2_6_7/HEPTools/oneloop -lavh_olo'
AVHOLO_FALSE='#'
AVHOLO_TRUE=''
AWK='gawk'
CC='/cvmfs/sft.cern.ch/lcg/releases/gcc/7.3.0-cb1ee/x86_64-slc6/bin/gcc'
CCDEPMODE='depmode=gcc3'
CFLAGS='-g -O2'
CPP='/cvmfs/sft.cern.ch/lcg/releases/gcc/7.3.0-cb1ee/x86_64-slc6/bin/gcc -E'
CPPFLAGS='-DNINJA_NO_EXCEPTIONS -fPIC'
CXX='/cvmfs/sft.cern.ch/lcg/releases/gcc/7.3.0-90605/x86_64-slc6-gcc62-opt/bin/g++'
CXXCPP='/cvmfs/sft.cern.ch/lcg/releases/gcc/7.3.0-90605/x86_64-slc6-gcc62-opt/bin/g++ -E'
CXXDEPMODE='depmode=gcc3'
CXXFLAGS='-O2 -fcx-fortran-rules -fno-exceptions -fno-rtti -fcx-fortran-rules'
CYGPATH_W='echo'
DEFS='-DHAVE_CONFIG_H'
DEPDIR='.deps'
DLLTOOL='false'
DSYMUTIL=''
DUMPBIN=''
ECHO_C=''
ECHO_N='-n'
ECHO_T=''
EGREP='/usr/bin/grep -E'
EXEEXT=''
EXNINJASTATIC_FALSE=''
EXNINJASTATIC_TRUE='#'
F90MODULE_FALSE='#'
F90MODULE_TRUE=''
FC='gfortran'
FCFLAGS='-g -O2'
FCINCLUDE='-I/afs/cern.ch/user/d/dimoulin/FCCAnalyses/Madgraph/MG5_aMC_v2_6_7/HEPTools/oneloop'
FGREP='/usr/bin/grep -F'
GOSAM_FALSE='#'
GOSAM_TRUE=''
GREP='/usr/bin/grep'
INSTALL_DATA='${INSTALL} -m 644'
INSTALL_PROGRAM='${INSTALL}'
INSTALL_SCRIPT='${INSTALL}'
INSTALL_STRIP_PROGRAM='$(install_sh) -c -s'
LD='/cvmfs/sft.cern.ch/lcg/releases/binutils/2.28-a983d/x86_64-slc6/bin/ld -m elf_x86_64'
LDFLAGS=''
LIBOBJS=''
LIBS='-lstdc++'
LIBTOOL='$(SHELL) $(top_builddir)/libtool'
LIPO=''
LN_S='ln -s'
LOOPTOOLS_FALSE=''
LOOPTOOLS_TRUE='#'
LTFLAGS=''
LTLIBOBJS=''
LT_SYS_LIBRARY_PATH=''
MAKEINFO='${SHELL} /afs/cern.ch/user/d/dimoulin/FCCAnalyses/Madgraph/MG5_aMC_v2_6_7/HEPTools/ninja/Ninja/missing makeinfo'
MANIFEST_TOOL=':'
MKDIR_P='/usr/bin/mkdir -p'
NINJAGOSAMCONTRIB_FALSE=''
NINJAGOSAMCONTRIB_TRUE='#'
NM='/cvmfs/sft.cern.ch/lcg/releases/binutils/2.28-a983d/x86_64-slc6/bin/nm -B'
NMEDIT=''
OBJDUMP='objdump'
OBJEXT='o'
OTOOL64=''
OTOOL=''
PACKAGE='ninja'
PACKAGE_BUGREPORT='tiziano.peraro@ed.ac.uk'
PACKAGE_NAME='Ninja'
PACKAGE_STRING='Ninja 1.1.0'
PACKAGE_TARNAME='ninja'
PACKAGE_URL=''
PACKAGE_VERSION='1.1.0'
PATH_SEPARATOR=':'
PTHREAD_CC='/cvmfs/sft.cern.ch/lcg/releases/gcc/7.3.0-cb1ee/x86_64-slc6/bin/gcc'
PTHREAD_CFLAGS='-pthread'
PTHREAD_LIBS=''
QUADNINJA_FALSE='#'
QUADNINJA_TRUE=''
QUADRUPLEFLAGS='-lquadmath'
QUADRUPLE_FALSE=''
QUADRUPLE_TRUE='#'
RANLIB='ranlib'
SED='/usr/bin/sed'
SET_MAKE=''
SHELL='/bin/sh'
STRIP='strip'
VERSION='1.1.0'
ac_ct_AR='ar'
ac_ct_CC='/cvmfs/sft.cern.ch/lcg/releases/gcc/7.3.0-cb1ee/x86_64-slc6/bin/gcc'
ac_ct_CXX=''
ac_ct_DUMPBIN=''
ac_ct_FC=''
am__EXEEXT_FALSE=''
am__EXEEXT_TRUE='#'
am__fastdepCC_FALSE='#'
am__fastdepCC_TRUE=''
am__fastdepCXX_FALSE='#'
am__fastdepCXX_TRUE=''
am__include='include'
am__isrc=''
am__leading_dot='.'
am__nodep='_no'
am__quote=''
am__tar='$${TAR-tar} chof - "$$tardir"'
am__untar='$${TAR-tar} xf -'
ax_pthread_config=''
bindir='${exec_prefix}/bin'
build='x86_64-unknown-linux-gnu'
build_alias=''
build_cpu='x86_64'
build_os='linux-gnu'
build_vendor='unknown'
datadir='${datarootdir}'
datarootdir='${prefix}/share'
docdir='${datarootdir}/doc/${PACKAGE_TARNAME}'
dvidir='${docdir}'
exec_prefix='${prefix}'
host='x86_64-unknown-linux-gnu'
host_alias=''
host_cpu='x86_64'
host_os='linux-gnu'
host_vendor='unknown'
htmldir='${docdir}'
includedir='${prefix}/include'
infodir='${datarootdir}/info'
install_sh='${SHELL} /afs/cern.ch/user/d/dimoulin/FCCAnalyses/Madgraph/MG5_aMC_v2_6_7/HEPTools/ninja/Ninja/install-sh'
libdir='${exec_prefix}/lib'
libexecdir='${exec_prefix}/libexec'
localedir='${datarootdir}/locale'
localstatedir='${prefix}/var'
mandir='${datarootdir}/man'
mkdir_p='$(MKDIR_P)'
oldincludedir='/usr/include'
pdfdir='${docdir}'
prefix='/afs/cern.ch/user/d/dimoulin/FCCAnalyses/Madgraph/MG5_aMC_v2_6_7/HEPTools/ninja'
program_transform_name='s,x,x,'
psdir='${docdir}'
sbindir='${exec_prefix}/sbin'
sharedstatedir='${prefix}/com'
sysconfdir='${prefix}/etc'
target_alias=''

## ----------- ##
## confdefs.h. ##
## ----------- ##

/* confdefs.h */
#define PACKAGE_NAME "Ninja"
#define PACKAGE_TARNAME "ninja"
#define PACKAGE_VERSION "1.1.0"
#define PACKAGE_STRING "Ninja 1.1.0"
#define PACKAGE_BUGREPORT "tiziano.peraro@ed.ac.uk"
#define PACKAGE_URL ""
#define PACKAGE "ninja"
#define VERSION "1.1.0"
#define STDC_HEADERS 1
#define HAVE_SYS_TYPES_H 1
#define HAVE_SYS_STAT_H 1
#define HAVE_STDLIB_H 1
#define HAVE_STRING_H 1
#define HAVE_MEMORY_H 1
#define HAVE_STRINGS_H 1
#define HAVE_INTTYPES_H 1
#define HAVE_STDINT_H 1
#define HAVE_UNISTD_H 1
#define HAVE_DLFCN_H 1
#define LT_OBJDIR ".libs/"
#define HAVE_PTHREAD_PRIO_INHERIT 1
#define HAVE_PTHREAD 1
#define HAVE_DECLTYPE 1
#define HAVE_INIT_LIST 1
#define HAVE_CXX11_RANDOM 1
#define NINJA_CONFIG_H_INTERNAL 1
#define NINJA_USE_ONELOOP 1
#define NINJA_USE_ONELOOP_WITH_CACHE 1
#define NINJA_MASSLESS 1
#define NINJA_X1RANK 1
#define QUADNINJA 1
#define QUADNINJA_CONFIG_H_INTERNAL 1
#define QUADNINJA_USE_ONELOOP 1
#define QUADNINJA_USE_ONELOOP_WITH_CACHE 1
#define QUADNINJA_MASSLESS 1
#define QUADNINJA_X1RANK 1

configure: exit 0
